<?xml version="1.0" encoding="UTF-8"?>
<!-- Generated by org.testng.reporters.JUnitXMLReporter -->
<testsuite ignored="0" hostname="LAPTOP-1TA8DVSF" failures="1" tests="1" name="test2" time="0.009" errors="0" timestamp="2022-11-26T17:50:01 IST">
  <testcase classname="pageObjects.Addproduct" name="addp" time="0.001">
    <failure type="java.lang.NullPointerException">
      <![CDATA[java.lang.NullPointerException
at pageObjects.Addproduct.addp(Addproduct.java:22)
at java.base/java.util.ArrayList.forEach(ArrayList.java:1540)
... Removed 27 stack frames]]>
    </failure>
  </testcase> <!-- addp -->
</testsuite> <!-- test2 -->
